-------------------------------------------------------------------------------
Test set: com.hello.AppTest
-------------------------------------------------------------------------------
Tests run: 1, Failures: 0, Errors: 1, Skipped: 0, Time elapsed: 0.17 s <<< FAILURE! - in com.hello.AppTest
initializationError(com.hello.AppTest)  Time elapsed: 0.029 s  <<< ERROR!
java.lang.NoClassDefFoundError: org/hamcrest/SelfDescribing
Caused by: java.lang.ClassNotFoundException: org.hamcrest.SelfDescribing

